<?xml version='1.0' encoding='UTF-8'?>
<testsuite hostname="MSI" name="edu.neu.coe.csye7200.asstwc.WebCrawlerSpec" tests="7" errors="0" failures="1" skipped="0" time="85.395" timestamp="2021-03-20T19:36:41">
                     <properties>
[...]
</properties>
                     <testcase classname="edu.neu.coe.csye7200.asstwc.WebCrawlerSpec" name="getURLContent should succeed for http://www1.coe.neu.edu/~rhillyard/indexSafe.html" time="0.624">
                                                 
                                               </testcase><testcase classname="edu.neu.coe.csye7200.asstwc.WebCrawlerSpec" name="wget(URL) should succeed for http://www1.coe.neu.edu/~rhillyard/indexSafe.html" time="0.417">
                                                 
                                               </testcase><testcase classname="edu.neu.coe.csye7200.asstwc.WebCrawlerSpec" name="wget(URL) should not succeed for http://www1.coe.neu.edu/junk" time="0.287">
                                                 
                                               </testcase><testcase classname="edu.neu.coe.csye7200.asstwc.WebCrawlerSpec" name="wget(URL) should not succeed for http://www1.coe.neu.edu/~rhillyard/indexSafe.html" time="0.002">
                                                 
                                               </testcase><testcase classname="edu.neu.coe.csye7200.asstwc.WebCrawlerSpec" name="wget(Seq[URL]) should succeed for http://www1.coe.neu.edu/~rhillyard/indexSafe.html, http://www.google.com/" time="22.092">
                                                 
                                               </testcase><testcase classname="edu.neu.coe.csye7200.asstwc.WebCrawlerSpec" name="filterAndFlatten should work" time="1.655">
                                                 
                                               </testcase><testcase classname="edu.neu.coe.csye7200.asstwc.WebCrawlerSpec" name="crawler(Seq[URL]) should succeed for http://www1.coe.neu.edu/~rhillyard/indexSafe.html, depth 2" time="60.318">
                                                 <failure message="A timeout occurred waiting for a future to complete. Waited 60 seconds." type="org.scalatest.concurrent.ScalaFutures$$anon$1$$anon$2">org.scalatest.concurrent.ScalaFutures$$anon$1$$anon$2: A timeout occurred waiting for a future to complete. Waited 60 seconds.
	at org.scalatest.concurrent.ScalaFutures$$anon$1.futureValueImpl(ScalaFutures.scala:339)
	at org.scalatest.concurrent.Futures.whenReady(Futures.scala:546)
	at org.scalatest.concurrent.Futures.whenReady$(Futures.scala:545)
	at edu.neu.coe.csye7200.asstwc.WebCrawlerSpec.whenReady(WebCrawlerSpec.scala:17)
	at edu.neu.coe.csye7200.asstwc.WebCrawlerSpec.$anonfun$new$26(WebCrawlerSpec.scala:80)
	at org.scalatest.OutcomeOf.outcomeOf(OutcomeOf.scala:85)
	at org.scalatest.OutcomeOf.outcomeOf$(OutcomeOf.scala:83)
	at org.scalatest.OutcomeOf$.outcomeOf(OutcomeOf.scala:104)
	at org.scalatest.Transformer.apply(Transformer.scala:22)
	at org.scalatest.Transformer.apply(Transformer.scala:20)
	at org.scalatest.flatspec.AnyFlatSpecLike$$anon$5.apply(AnyFlatSpecLike.scala:1683)
	at org.scalatest.TestSuite.withFixture(TestSuite.scala:196)
	at org.scalatest.TestSuite.withFixture$(TestSuite.scala:195)
	at org.scalatest.flatspec.AnyFlatSpec.withFixture(AnyFlatSpec.scala:1685)
	at org.scalatest.flatspec.AnyFlatSpecLike.invokeWithFixture$1(AnyFlatSpecLike.scala:1681)
	at org.scalatest.flatspec.AnyFlatSpecLike.$anonfun$runTest$1(AnyFlatSpecLike.scala:1693)
	at org.scalatest.SuperEngine.runTestImpl(Engine.scala:306)
	at org.scalatest.flatspec.AnyFlatSpecLike.runTest(AnyFlatSpecLike.scala:1693)
	at org.scalatest.flatspec.AnyFlatSpecLike.runTest$(AnyFlatSpecLike.scala:1675)
	at org.scalatest.flatspec.AnyFlatSpec.runTest(AnyFlatSpec.scala:1685)
	at org.scalatest.flatspec.AnyFlatSpecLike.$anonfun$runTests$1(AnyFlatSpecLike.scala:1751)
	at org.scalatest.SuperEngine.$anonfun$runTestsInBranch$1(Engine.scala:413)
	at scala.collection.immutable.List.foreach(List.scala:333)
	at org.scalatest.SuperEngine.traverseSubNodes$1(Engine.scala:401)
	at org.scalatest.SuperEngine.runTestsInBranch(Engine.scala:390)
	at org.scalatest.SuperEngine.$anonfun$runTestsInBranch$1(Engine.scala:427)
	at scala.collection.immutable.List.foreach(List.scala:333)
	at org.scalatest.SuperEngine.traverseSubNodes$1(Engine.scala:401)
	at org.scalatest.SuperEngine.runTestsInBranch(Engine.scala:396)
	at org.scalatest.SuperEngine.runTestsImpl(Engine.scala:475)
	at org.scalatest.flatspec.AnyFlatSpecLike.runTests(AnyFlatSpecLike.scala:1751)
	at org.scalatest.flatspec.AnyFlatSpecLike.runTests$(AnyFlatSpecLike.scala:1750)
	at org.scalatest.flatspec.AnyFlatSpec.runTests(AnyFlatSpec.scala:1685)
	at org.scalatest.Suite.run(Suite.scala:1112)
	at org.scalatest.Suite.run$(Suite.scala:1094)
	at org.scalatest.flatspec.AnyFlatSpec.org$scalatest$flatspec$AnyFlatSpecLike$$super$run(AnyFlatSpec.scala:1685)
	at org.scalatest.flatspec.AnyFlatSpecLike.$anonfun$run$1(AnyFlatSpecLike.scala:1796)
	at org.scalatest.SuperEngine.runImpl(Engine.scala:535)
	at org.scalatest.flatspec.AnyFlatSpecLike.run(AnyFlatSpecLike.scala:1796)
	at org.scalatest.flatspec.AnyFlatSpecLike.run$(AnyFlatSpecLike.scala:1794)
	at org.scalatest.flatspec.AnyFlatSpec.run(AnyFlatSpec.scala:1685)
	at org.scalatest.tools.Framework.org$scalatest$tools$Framework$$runSuite(Framework.scala:318)
	at org.scalatest.tools.Framework$ScalaTestTask.execute(Framework.scala:513)
	at sbt.TestRunner.runTest$1(TestFramework.scala:139)
	at sbt.TestRunner.run(TestFramework.scala:154)
	at sbt.TestFramework$$anon$3$$anonfun$$lessinit$greater$1.$anonfun$apply$1(TestFramework.scala:317)
	at sbt.TestFramework$.sbt$TestFramework$$withContextLoader(TestFramework.scala:277)
	at sbt.TestFramework$$anon$3$$anonfun$$lessinit$greater$1.apply(TestFramework.scala:317)
	at sbt.TestFramework$$anon$3$$anonfun$$lessinit$greater$1.apply(TestFramework.scala:317)
	at sbt.TestFunction.apply(TestFramework.scala:329)
	at sbt.Tests$.$anonfun$toTask$1(Tests.scala:422)
	at sbt.std.Transform$$anon$3.$anonfun$apply$2(Transform.scala:46)
	at sbt.std.Transform$$anon$4.work(Transform.scala:68)
	at sbt.Execute.$anonfun$submit$2(Execute.scala:282)
	at sbt.internal.util.ErrorHandling$.wideConvert(ErrorHandling.scala:23)
	at sbt.Execute.work(Execute.scala:291)
	at sbt.Execute.$anonfun$submit$1(Execute.scala:282)
	at sbt.ConcurrentRestrictions$$anon$4.$anonfun$submitValid$1(ConcurrentRestrictions.scala:265)
	at sbt.CompletionService$$anon$2.call(CompletionService.scala:64)
	at java.base/java.util.concurrent.FutureTask.run(FutureTask.java:264)
	at java.base/java.util.concurrent.Executors$RunnableAdapter.call(Executors.java:515)
	at java.base/java.util.concurrent.FutureTask.run(FutureTask.java:264)
	at java.base/java.util.concurrent.ThreadPoolExecutor.runWorker(ThreadPoolExecutor.java:1130)
	at java.base/java.util.concurrent.ThreadPoolExecutor$Worker.run(ThreadPoolExecutor.java:630)
	at java.base/java.lang.Thread.run(Thread.java:832)
</failure>
                                               </testcase>
                     <system-out><![CDATA[]]></system-out>
                     <system-err><![CDATA[]]></system-err>
                   </testsuite>