<?xml version='1.0' encoding='UTF-8'?>
<testsuite hostname="MSI" name="edu.neu.coe.csye7200.assthw.HelloWorldSpec" tests="2" errors="0" failures="0" skipped="0" time="0.224" timestamp="2021-01-29T14:24:58">
                     <properties>
[...]
</properties>
                     <testcase classname="edu.neu.coe.csye7200.assthw.HelloWorldSpec" name="HelloWorld should get the correct greeting" time="0.023">
                                                 
                                               </testcase><testcase classname="edu.neu.coe.csye7200.assthw.HelloWorldSpec" name="Ingest should find the correct number of movies" time="0.201">
                                                 
                                               </testcase>
                     <system-out><![CDATA[]]></system-out>
                     <system-err><![CDATA[]]></system-err>
                   </testsuite>